<?xml version="1.0" encoding="UTF-8"?>
<!-- Generated by org.testng.reporters.JUnitReportReporter -->
<testsuite hostname="IRSYADMA" failures="0" tests="3" name="com.test.kerja.sqa.sqawebjavabddtestng.RunTest" time="15.354" errors="0" timestamp="2022-11-26T15:10:08 ICT" skipped="0">
  <testcase classname="com.test.kerja.sqa.sqawebjavabddtestng.RunTest" name="workZero" time="11.042"/>
  <system-out/>
  <testcase classname="com.test.kerja.sqa.sqawebjavabddtestng.RunTest" name="workOne" time="0.941"/>
  <system-out/>
  <testcase classname="com.test.kerja.sqa.sqawebjavabddtestng.RunTest" name="workTwo" time="3.371"/>
  <system-out/>
</testsuite> <!-- com.test.kerja.sqa.sqawebjavabddtestng.RunTest -->
