<?xml version="1.0" encoding="UTF-8"?>
<!-- Generated by org.testng.reporters.JUnitReportReporter -->
<testsuite hostname="IRSYADMA" failures="0" tests="4" name="com.test.kerja.sqa.sqawebjavabddtestng.RunTest" time="68.042" errors="0" timestamp="2022-12-06T00:22:27 ICT" skipped="0">
  <testcase classname="com.test.kerja.sqa.sqawebjavabddtestng.RunTest" name="workZero" time="63.466"/>
  <system-out/>
  <testcase classname="com.test.kerja.sqa.sqawebjavabddtestng.RunTest" name="workOne" time="0.424"/>
  <system-out/>
  <testcase classname="com.test.kerja.sqa.sqawebjavabddtestng.RunTest" name="workTwo" time="2.364"/>
  <system-out/>
  <testcase classname="com.test.kerja.sqa.sqawebjavabddtestng.RunTest" name="workThree" time="1.788"/>
  <system-out/>
</testsuite> <!-- com.test.kerja.sqa.sqawebjavabddtestng.RunTest -->
